<?xml version="1.0" encoding="UTF-8"?>
<!-- Generated by org.testng.reporters.JUnitReportReporter -->
<testsuite hostname="LAPTOP-ROQ98ADS" failures="0" tests="1" name="TESTNGFlyaway.flyawayproject.AppTest" time="58.955" errors="0" timestamp="2023-08-21T17:43:43 IST" skipped="0">
  <testcase classname="TESTNGFlyaway.flyawayproject.AppTest" name="launchbroser" time="58.955">
    <system-out>
      <![CDATA[Login successfully]]>
    </system-out>
  </testcase> <!-- launchbroser -->
  <system-out>
    <![CDATA[Login successfully]]>
  </system-out>
</testsuite> <!-- TESTNGFlyaway.flyawayproject.AppTest -->
